[2026-03-09T14:02:23.480180900] ERROR: DatoInvalidoException - Fichero Invalido
[2026-03-09T14:02:23.604129700] INFO: Se ha leído el archivo practica7/Ficheros/items.json
[2026-03-09T14:02:23.679129600] INFO: Se ha leído el archivo practica7/Ficheros/personajes.json
[2026-03-09T14:10:40.638934400] INFO: Se ha leído el archivo practica7/Ficheros/items.json
[2026-03-09T14:10:40.716913] INFO: Se ha leído el archivo practica7/Ficheros/personajes.json
[2026-03-09T14:10:44.676106300] INFO: Se ha leído el archivo practica7/Ficheros/items.json
[2026-03-09T14:10:44.691071600] INFO: Se ha escrito el archivo practica7/Ficheros/personajes.json
[2026-03-09T14:12:19.863692300] INFO: Se ha leído el archivo practica7/Ficheros/items.json
[2026-03-09T14:12:19.966222700] INFO: Se ha leído el archivo practica7/Ficheros/personajes.json
[2026-03-09T14:12:35.939930800] INFO: Se ha leído el archivo practica7/Ficheros/items.json
[2026-03-09T14:12:35.947553300] ERROR: DatoInvalidoException - El nivel no puede ser negativo
[2026-03-09T14:12:35.955560100] INFO: Se ha escrito el archivo practica7/Ficheros/personajes.json
[2026-03-09T14:17:59.968874800] INFO: Se ha leído el archivo practica7/Ficheros/items.json
[2026-03-09T14:18:00.055114100] INFO: Se ha leído el archivo practica7/Ficheros/personajes.json
[2026-03-09T14:18:12.036542800] INFO: Se ha leído el archivo practica7/Ficheros/items.json
[2026-03-09T14:18:12.044422900] ERROR: DatoInvalidoException - El nivel no puede ser negativo
[2026-03-09T14:18:12.055922200] INFO: Se ha escrito el archivo practica7/Ficheros/personajes.json
[2026-03-09T14:25:05.349905800] INFO: Se ha leído el archivo practica7/Ficheros/items.json
[2026-03-09T14:25:05.445571900] INFO: Se ha leído el archivo practica7/Ficheros/personajes.json
[2026-03-09T14:25:18.323892100] INFO: Se ha leído el archivo practica7/Ficheros/items.json
[2026-03-09T14:25:18.337607600] ERROR: DatoInvalidoException - El nivel no puede ser negativo
[2026-03-09T14:25:18.347813100] INFO: Se ha escrito el archivo practica7/Ficheros/personajes.json
[2026-03-11T10:25:57.179717300] INFO: Se ha leído el archivo practica7/Ficheros/items.json
[2026-03-11T10:25:57.311631700] INFO: Se ha leído el archivo practica7/Ficheros/personajes.json
[2026-03-11T10:26:12.422703400] INFO: Se ha leído el archivo practica7/Ficheros/items.json
[2026-03-11T10:26:12.435688700] ERROR: DatoInvalidoException - El nivel no puede ser negativo
[2026-03-11T10:26:12.446477700] INFO: Se ha escrito el archivo practica7/Ficheros/personajes.json
[2026-03-11T10:33:27.742182500] ERROR: FormatoInvalidoException - Fichero vacío
[2026-03-11T10:33:27.895603100] INFO: Se ha leído el archivo practica7/Ficheros/items.json
[2026-03-11T10:33:27.977776700] INFO: Se ha leído el archivo practica7/Ficheros/personajes.json
[2026-03-11T10:34:45.331934700] ERROR: FormatoInvalidoException - Fichero vacío
[2026-03-11T10:34:45.472264100] INFO: Se ha leído el archivo practica7/Ficheros/items.json
[2026-03-11T10:34:45.556410800] INFO: Se ha leído el archivo practica7/Ficheros/personajes.json
[2026-03-11T10:38:09.525632200] ERROR: FormatoInvalidoException - Fichero ciudades.txt vacío
[2026-03-11T10:38:09.729875700] INFO: Se ha leído el archivo practica7/Ficheros/items.json
[2026-03-11T10:38:09.838258900] INFO: Se ha leído el archivo practica7/Ficheros/personajes.json
[2026-03-11T13:12:08.238832400] ERROR: FormatoInvalidoException - Fichero ciudades.txt vacío
[2026-03-11T13:12:08.378802500] INFO: Se ha leído el archivo practica7/Ficheros/items.json
[2026-03-11T13:12:08.514190900] INFO: Se ha leído el archivo practica7/Ficheros/personajes.json
[2026-03-11T13:12:25.081741500] INFO: Se ha leído el archivo practica7/Ficheros/items.json
[2026-03-11T13:12:25.098008200] INFO: Se ha escrito el archivo practica7/Ficheros/personajes.json
[2026-03-11T13:18:59.627874900] ERROR: FormatoInvalidoException - Fichero ciudades.txt vacío
[2026-03-11T13:18:59.785823600] INFO: Se ha leído el archivo practica7/Ficheros/items.json
[2026-03-11T13:18:59.865959400] INFO: Se ha leído el archivo practica7/Ficheros/personajes.json
[2026-03-11T13:19:05.339332900] INFO: Se ha leído el archivo practica7/Ficheros/items.json
[2026-03-11T13:19:05.352718] INFO: Se ha escrito el archivo practica7/Ficheros/personajes.json
[2026-03-11T13:27:15.288054400] ERROR: FormatoInvalidoException - Fichero ciudades.txt vacío
[2026-03-11T13:27:15.396452900] INFO: Se ha leído el archivo practica7/Ficheros/items.json
[2026-03-11T13:27:15.468895100] INFO: Se ha leído el archivo practica7/Ficheros/personajes.json
[2026-03-11T13:39:58.844612700] ERROR: FormatoInvalidoException - Fichero ciudades.txt vacío
[2026-03-11T13:39:58.970866300] INFO: Se ha leído el archivo practica7/Ficheros/items.json
[2026-03-11T13:39:59.027538800] INFO: Se ha leído el archivo practica7/Ficheros/personajes.json
[2026-03-11T13:39:59.033029800] ERROR: RecursoNoEncontradoException - El item con id E01 del personaje Aragorn no existe
[2026-03-11T13:39:59.033029800] INFO: Item W01 del personaje Mario validado
[2026-03-11T13:39:59.034102600] INFO: Item P01 del personaje Mario validado
[2026-03-11T13:45:16.306040200] INFO: Se ha leído el archivo practica7/Ficheros/items.json
[2026-03-11T13:45:16.317309100] ERROR: DatoInvalidoException - El nivel no puede ser negativo
[2026-03-11T13:45:16.324343200] INFO: Se ha escrito el archivo practica7/Ficheros/personajes.json
[2026-03-11T13:55:20.295543100] ERROR: FormatoInvalidoException - Fichero ciudades.txt vacío
[2026-03-11T13:55:20.405035] INFO: Se ha leído el archivo practica7/Ficheros/items.json
[2026-03-11T13:55:20.473466900] INFO: Se ha leído el archivo practica7/Ficheros/personajes.json
[2026-03-11T13:55:20.477452400] ERROR: RecursoNoEncontradoException - El item con id E01 del personaje Aragorn no existe
[2026-03-11T13:55:20.478592500] INFO: Item W01 del personaje Mario validado
[2026-03-11T13:55:20.479229700] INFO: Item P01 del personaje Mario validado
[2026-03-11T13:56:03.126020400] ERROR: FormatoInvalidoException - Fichero ciudades.txt vacío
[2026-03-11T13:56:03.334741] INFO: Se ha leído el archivo practica7/Ficheros/items.json
[2026-03-11T13:56:03.436280200] INFO: Se ha leído el archivo practica7/Ficheros/personajes.json
[2026-03-11T13:56:03.442150] ERROR: RecursoNoEncontradoException - El item con id E01 del personaje Aragorn no existe
[2026-03-11T13:56:03.442150] INFO: Item W01 del personaje Mario validado
[2026-03-11T13:56:03.443224300] INFO: Item P01 del personaje Mario validado
[2026-03-11T14:00:21.978633100] ERROR: FormatoInvalidoException - Fichero ciudades.txt vacío
[2026-03-11T14:00:22.125118200] INFO: Se ha leído el archivo practica7/Ficheros/items.json
[2026-03-11T14:00:22.187424900] INFO: Se ha leído el archivo practica7/Ficheros/personajes.json
[2026-03-11T14:00:22.192647700] ERROR: RecursoNoEncontradoException - El item con id E01 del personaje Aragorn no existe
[2026-03-11T14:00:22.193265100] INFO: Item W01 del personaje Mario validado
[2026-03-11T14:00:22.193265100] INFO: Item P01 del personaje Mario validado
[2026-03-11T14:25:04.760257900] ERROR: FormatoInvalidoException - Fichero ciudades.txt vacío
[2026-03-11T14:25:04.942670600] INFO: Se ha leído el archivo practica7/Ficheros/items.json
[2026-03-11T14:25:05.017856700] INFO: Se ha leído el archivo practica7/Ficheros/personajes.json
[2026-03-11T14:25:05.022926500] ERROR: RecursoNoEncontradoException - El item con id E01 del personaje Aragorn no existe, se ha eliminado
[2026-03-11T14:25:05.024070] INFO: Item W01 del personaje Mario validado
[2026-03-11T14:25:05.024070] INFO: Item P01 del personaje Mario validado
[2026-03-11T14:25:12.008750200] INFO: Se ha leído el archivo practica7/Ficheros/items.json
[2026-03-11T14:25:12.011912400] ERROR: RecursoNoEncontradoException - El item con id  no existe
[2026-03-11T14:25:12.018262900] INFO: Se ha escrito el archivo practica7/Ficheros/personajes.json
[2026-03-11T14:26:45.198291] ERROR: FormatoInvalidoException - Fichero ciudades.txt vacío
[2026-03-11T14:26:45.320326400] INFO: Se ha leído el archivo practica7/Ficheros/items.json
[2026-03-11T14:26:45.413813400] INFO: Se ha leído el archivo practica7/Ficheros/personajes.json
[2026-03-11T14:26:45.420725500] INFO: Item W01 del personaje Mario validado
[2026-03-11T14:26:45.421762500] INFO: Item P01 del personaje Mario validado
[2026-03-11T14:26:49.561992100] INFO: Se ha leído el archivo practica7/Ficheros/items.json
[2026-03-11T14:26:49.564160800] ERROR: RecursoNoEncontradoException - El item con id  no existe
[2026-03-11T14:26:49.571063800] INFO: Se ha escrito el archivo practica7/Ficheros/personajes.json
[2026-03-11T18:08:40.712567400] ERROR: FormatoInvalidoException - Fichero ciudades.txt vacío
[2026-03-11T18:08:40.744396400] INFO: Se ha leído el archivo practica7/Ficheros/items.json
[2026-03-11T18:08:40.765165] INFO: Se ha leído el archivo practica7/Ficheros/personajes.json
[2026-03-11T18:08:40.767693500] INFO: Item W01 del personaje Mario validado
[2026-03-11T18:08:40.767693500] INFO: Item P01 del personaje Mario validado
[2026-03-11T18:08:53.368822400] INFO: Se ha leído el archivo practica7/Ficheros/items.json
[2026-03-11T18:08:53.368822400] ERROR: RecursoNoEncontradoException - El item con id  no existe
[2026-03-11T18:08:53.371843200] INFO: Se ha escrito el archivo practica7/Ficheros/personajes.json
[2026-03-11T18:09:56.149238300] ERROR: FormatoInvalidoException - Fichero ciudades.txt vacío
[2026-03-11T18:09:56.176570600] INFO: Se ha leído el archivo practica7/Ficheros/items.json
[2026-03-11T18:09:56.193730600] INFO: Se ha leído el archivo practica7/Ficheros/personajes.json
[2026-03-11T18:09:56.195241400] INFO: Item W01 del personaje Mario validado
[2026-03-11T18:09:56.195241400] INFO: Item P01 del personaje Mario validado
[2026-03-11T18:10:00.314259100] INFO: Se ha leído el archivo practica7/Ficheros/items.json
[2026-03-11T18:10:23.138842400] ERROR: RecursoNoEncontradoException - El item con id POD no existe
[2026-03-11T18:10:23.141876100] INFO: Se ha escrito el archivo practica7/Ficheros/personajes.json
[2026-03-11T18:11:38.193481600] ERROR: FormatoInvalidoException - Fichero ciudades.txt vacío
[2026-03-11T18:11:38.220829400] INFO: Se ha leído el archivo practica7/Ficheros/items.json
[2026-03-11T18:11:38.237482200] INFO: Se ha leído el archivo practica7/Ficheros/personajes.json
[2026-03-11T18:11:38.238995600] INFO: Item W01 del personaje Mario validado
[2026-03-11T18:11:38.240507300] INFO: Item P01 del personaje Mario validado
[2026-03-11T18:11:44.509387700] INFO: Se ha leído el archivo practica7/Ficheros/items.json
[2026-03-11T18:11:47.969335700] ERROR: RecursoNoEncontradoException - El item con id uFd no existe
[2026-03-11T18:11:47.969335700] ERROR: DatoInvalidoException - El nivel del personaje Pepe negativo
[2026-03-11T18:11:47.970852600] INFO: Se ha escrito el archivo practica7/Ficheros/personajes.json
[2026-03-11T18:21:13.508374900] ERROR: FormatoInvalidoException - Fichero ciudades.txt vacío
[2026-03-11T18:21:13.535621500] INFO: Se ha leído el archivo practica7/Ficheros/items.json
[2026-03-11T18:21:13.551879600] INFO: Se ha leído el archivo practica7/Ficheros/personajes.json
[2026-03-11T18:21:51.573629300] ERROR: FormatoInvalidoException - Fichero ciudades.txt vacío
[2026-03-11T18:21:51.603510800] INFO: Se ha leído el archivo practica7/Ficheros/items.json
[2026-03-11T18:21:51.622238100] INFO: Se ha leído el archivo practica7/Ficheros/personajes.json
[2026-03-11T18:21:51.623746900] ERROR: RecursoNoEncontradoException - El item con id E01 del personaje Aragorn no existe, se ha eliminado
[2026-03-11T18:24:58.024122700] INFO: Se ha leído el archivo practica7/Ficheros/items.json
[2026-03-11T18:25:04.605153300] ERROR: RecursoNoEncontradoException - El item con id PO1 no existe
[2026-03-11T18:25:04.606660100] INFO: Se ha creado el personaje Mario
[2026-03-11T18:25:04.607665100] INFO: Se ha escrito el archivo practica7/Ficheros/personajes.json
[2026-03-11T18:25:19.933783] ERROR: FormatoInvalidoException - Fichero ciudades.txt vacío
[2026-03-11T18:25:19.963554800] INFO: Se ha leído el archivo practica7/Ficheros/items.json
[2026-03-11T18:25:19.982145400] INFO: Se ha leído el archivo practica7/Ficheros/personajes.json
[2026-03-11T18:25:31.282771300] INFO: Se ha leído el archivo practica7/Ficheros/items.json
[2026-03-11T18:25:52.405883600] INFO: Se ha creado el personaje Rachel
[2026-03-11T18:25:52.408431] INFO: Se ha escrito el archivo practica7/Ficheros/personajes.json
[2026-03-11T18:26:38.900975800] ERROR: FormatoInvalidoException - Fichero ciudades.txt vacío
[2026-03-11T18:26:38.929244300] INFO: Se ha leído el archivo practica7/Ficheros/items.json
[2026-03-11T18:26:38.945971500] INFO: Se ha leído el archivo practica7/Ficheros/personajes.json
[2026-03-11T18:26:38.947991] INFO: Item P01 del personaje Rachel validado
[2026-03-11T18:26:38.948498800] INFO: Item W01 del personaje Rachel validado
[2026-03-11T18:26:47.138195200] INFO: Se ha leído el archivo practica7/Ficheros/items.json
[2026-03-11T18:26:53.790520] ERROR: DatoInvalidoException - El nivel del personaje Pedro negativo
[2026-03-11T18:26:53.793541100] INFO: Se ha escrito el archivo practica7/Ficheros/personajes.json
[2026-03-11T18:27:28.594159100] INFO: Se ha leído el archivo practica7/Ficheros/items.json
[2026-03-11T18:27:28.615399300] INFO: Se ha leído el archivo practica7/Ficheros/personajes.json
[2026-03-11T18:27:28.617915200] INFO: Item P01 del personaje Rachel validado
[2026-03-11T18:27:28.618926600] INFO: Item W01 del personaje Rachel validado
[2026-03-11T18:27:33.224611300] INFO: Se ha leído el archivo practica7/Ficheros/items.json
[2026-03-11T18:27:33.246001] INFO: Se ha leído el archivo practica7/Ficheros/personajes.json
[2026-03-11T18:27:33.248033] INFO: Item P01 del personaje Rachel validado
[2026-03-11T18:27:33.249051500] INFO: Item W01 del personaje Rachel validado
[2026-03-11T18:27:34.749293100] INFO: Se ha leído el archivo practica7/Ficheros/items.json
[2026-03-11T18:27:34.772202500] INFO: Se ha leído el archivo practica7/Ficheros/personajes.json
[2026-03-11T18:27:34.773712300] INFO: Item P01 del personaje Rachel validado
[2026-03-11T18:27:34.775225] INFO: Item W01 del personaje Rachel validado
[2026-03-11T18:28:39.198357600] INFO: Se ha leído el archivo practica7/Ficheros/items.json
[2026-03-11T18:28:39.216723300] INFO: Se ha leído el archivo practica7/Ficheros/personajes.json
[2026-03-11T18:28:39.218239] INFO: Item P01 del personaje Rachel validado
[2026-03-11T18:28:39.220064200] INFO: Item W01 del personaje Rachel validado
[2026-03-11T18:29:24.224011400] INFO: Se ha leído el archivo practica7/Ficheros/items.json
[2026-03-11T18:29:24.242297800] INFO: Se ha leído el archivo practica7/Ficheros/personajes.json
[2026-03-11T18:29:24.243812900] INFO: Item P01 del personaje Rachel validado
[2026-03-11T18:29:24.243812900] INFO: Item W01 del personaje Rachel validado
[2026-03-11T18:30:24.434047300] INFO: Ciudad Ciudad{nombre='Minas Tirith', poblacion=20000, clima='Soleado', nivelRiesgo=3} leida correctamente
[2026-03-11T18:30:24.439605500] INFO: Ciudad Ciudad{nombre='Isengard', poblacion=5000, clima='Nublado', nivelRiesgo=8} leida correctamente
[2026-03-11T18:30:24.463300] INFO: Se ha leído el archivo practica7/Ficheros/items.json
[2026-03-11T18:30:24.479275400] INFO: Se ha leído el archivo practica7/Ficheros/personajes.json
[2026-03-11T18:30:24.480785600] INFO: Item P01 del personaje Rachel validado
[2026-03-11T18:30:24.482296400] INFO: Item W01 del personaje Rachel validado
[2026-03-11T18:30:37.049617] INFO: Ciudad [Ciudad{nombre='Minas Tirith', poblacion=20000, clima='Soleado', nivelRiesgo=3}] leida correctamente
[2026-03-11T18:30:37.055658600] INFO: Ciudad [Ciudad{nombre='Isengard', poblacion=5000, clima='Nublado', nivelRiesgo=8}] leida correctamente
[2026-03-11T18:30:37.077851600] INFO: Se ha leído el archivo practica7/Ficheros/items.json
[2026-03-11T18:30:37.095186700] INFO: Se ha leído el archivo practica7/Ficheros/personajes.json
[2026-03-11T18:30:37.095186700] INFO: Item P01 del personaje Rachel validado
[2026-03-11T18:30:37.096695700] INFO: Item W01 del personaje Rachel validado
[2026-03-11T18:30:42.959022] INFO: Ciudad aCiudad{nombre='Minas Tirith', poblacion=20000, clima='Soleado', nivelRiesgo=3}] leida correctamente
[2026-03-11T18:30:42.963553600] INFO: Ciudad aCiudad{nombre='Isengard', poblacion=5000, clima='Nublado', nivelRiesgo=8}] leida correctamente
[2026-03-11T18:30:42.988185900] INFO: Se ha leído el archivo practica7/Ficheros/items.json
[2026-03-11T18:30:43.003827300] INFO: Se ha leído el archivo practica7/Ficheros/personajes.json
[2026-03-11T18:30:43.005337100] INFO: Item P01 del personaje Rachel validado
[2026-03-11T18:30:43.006847500] INFO: Item W01 del personaje Rachel validado
[2026-03-11T18:30:57.470754100] INFO: Ciudad Ciudad{nombre='Minas Tirith', poblacion=20000, clima='Soleado', nivelRiesgo=3} leida correctamente
[2026-03-11T18:30:57.475297600] INFO: Ciudad Ciudad{nombre='Isengard', poblacion=5000, clima='Nublado', nivelRiesgo=8} leida correctamente
[2026-03-11T18:30:57.498997300] INFO: Se ha leído el archivo practica7/Ficheros/items.json
[2026-03-11T18:30:57.515155200] INFO: Se ha leído el archivo practica7/Ficheros/personajes.json
[2026-03-11T18:30:57.516667700] INFO: Item P01 del personaje Rachel validado
[2026-03-11T18:30:57.516667700] INFO: Item W01 del personaje Rachel validado
[2026-03-11T18:31:14.719369900] INFO: Se ha leído el archivo practica7/Ficheros/items.json
[2026-03-11T18:31:19.242077100] INFO: Se ha creado el personaje Legolas
[2026-03-11T18:31:19.245093700] INFO: Se ha escrito el archivo practica7/Ficheros/personajes.json
[2026-03-11T18:34:41.847965200] INFO: Ciudad model.Ciudad@13221655 leida correctamente
[2026-03-11T18:34:41.852439] INFO: Ciudad model.Ciudad@1218025c leida correctamente
[2026-03-11T18:34:41.852439] INFO: Todas las ciudades se han leido
[2026-03-11T18:34:41.875443700] INFO: Se ha leído el archivo practica7/Ficheros/items.json
[2026-03-11T18:34:41.890591200] INFO: Todos los items se han leido
[2026-03-11T18:34:41.890591200] INFO: Se ha leído el archivo practica7/Ficheros/personajes.json
[2026-03-11T18:34:41.892104200] INFO: Todos los personajes se han leido
[2026-03-11T18:34:41.893612300] INFO: Item P01 del personaje Rachel validado
[2026-03-11T18:34:41.893612300] INFO: Item W01 del personaje Rachel validado
[2026-03-11T18:34:41.893612300] INFO: Item P01 del personaje Legolas validado
[2026-03-11T18:34:54.138713] INFO: Ciudad model.Ciudad@13221655 leida correctamente
[2026-03-11T18:34:54.142860300] INFO: Ciudad model.Ciudad@1218025c leida correctamente
[2026-03-11T18:34:54.142860300] INFO: Todas las ciudades se han leido
[2026-03-11T18:34:54.167122200] INFO: Se ha leído el archivo practica7/Ficheros/items.json
[2026-03-11T18:34:54.184248100] INFO: Todos los items se han leido
[2026-03-11T18:34:54.184248100] INFO: Se ha leído el archivo practica7/Ficheros/personajes.json
[2026-03-11T18:34:54.185757600] INFO: Todos los personajes se han leido
[2026-03-11T18:34:54.185757600] INFO: Item P01 del personaje Rachel validado
[2026-03-11T18:34:54.187267400] INFO: Item W01 del personaje Rachel validado
[2026-03-11T18:34:54.187267400] INFO: Item P01 del personaje Legolas validado
[2026-03-11T18:34:59.346946300] INFO: Ciudad model.Ciudad@13221655 leida correctamente
[2026-03-11T18:34:59.350991300] INFO: Ciudad model.Ciudad@1218025c leida correctamente
[2026-03-11T18:34:59.350991300] INFO: Todas las ciudades se han leido
[2026-03-11T18:34:59.374567900] INFO: Se ha leído el archivo practica7/Ficheros/items.json
[2026-03-11T18:34:59.392693200] INFO: Todos los items se han leido
[2026-03-11T18:34:59.392693200] INFO: Se ha leído el archivo practica7/Ficheros/personajes.json
[2026-03-11T18:34:59.394208400] INFO: Todos los personajes se han leido
[2026-03-11T18:34:59.394208400] INFO: Item P01 del personaje Rachel validado
[2026-03-11T18:34:59.395719900] INFO: Item W01 del personaje Rachel validado
[2026-03-11T18:34:59.395719900] INFO: Item P01 del personaje Legolas validado
[2026-03-11T19:05:29.006442200] INFO: Ciudad model.Ciudad@13221655 leida correctamente
[2026-03-11T19:05:29.012509100] INFO: Ciudad model.Ciudad@1218025c leida correctamente
[2026-03-11T19:05:29.012509100] INFO: Todas las ciudades se han leido
[2026-03-11T19:05:29.035557900] INFO: Se ha leído el archivo practica7/Ficheros/items.json
[2026-03-11T19:05:29.052833900] INFO: Todos los items se han leido
[2026-03-11T19:05:29.052833900] INFO: Se ha leído el archivo practica7/Ficheros/personajes.json
[2026-03-11T19:05:29.054344200] INFO: Todos los personajes se han leido
[2026-03-11T19:05:29.055852300] INFO: Item P01 del personaje Rachel validado
[2026-03-11T19:05:29.055852300] INFO: Item W01 del personaje Rachel validado
[2026-03-11T19:05:29.055852300] INFO: Item P01 del personaje Legolas validado
[2026-03-11T19:12:15.189454400] INFO: Ciudad model.Ciudad@13221655 leida correctamente
[2026-03-11T19:12:15.194008800] INFO: Ciudad model.Ciudad@1218025c leida correctamente
[2026-03-11T19:12:15.194008800] INFO: Todas las ciudades se han leido
[2026-03-11T19:12:15.219769700] INFO: Se ha leído el archivo practica7/Ficheros/items.json
[2026-03-11T19:12:15.235911500] INFO: Todos los items se han leido
[2026-03-11T19:12:15.237422100] INFO: Se ha leído el archivo practica7/Ficheros/personajes.json
[2026-03-11T19:12:15.238930800] INFO: Todos los personajes se han leido
[2026-03-11T19:12:15.238930800] INFO: Item P01 del personaje Rachel validado
[2026-03-11T19:12:15.239965500] INFO: Item W01 del personaje Rachel validado
[2026-03-11T19:12:15.239965500] INFO: Item P01 del personaje Legolas validado
[2026-03-11T19:13:32.746731200] INFO: Se ha leído el archivo practica7/Ficheros/items.json
[2026-03-11T19:13:59.148756200] ERROR: RecursoNoEncontradoException - El item con id JU3 no existe
[2026-03-11T19:13:59.149756800] INFO: Se ha creado el personaje Josemi
[2026-03-11T19:13:59.149756800] INFO: Se ha escrito el archivo practica7/Ficheros/personajes.json
[2026-03-11T19:16:56.575777600] INFO: Ciudad model.Ciudad@13221655 leida correctamente
[2026-03-11T19:16:56.579778800] INFO: Ciudad model.Ciudad@1218025c leida correctamente
[2026-03-11T19:16:56.579778800] INFO: Todas las ciudades se han leido
[2026-03-11T19:16:56.602777700] INFO: Se ha leído el archivo practica7/Ficheros/items.json
[2026-03-11T19:16:56.618778500] INFO: Todos los items se han leido
[2026-03-11T19:16:56.619778100] INFO: Se ha leído el archivo practica7/Ficheros/personajes.json
[2026-03-11T19:16:56.620778] INFO: Todos los personajes se han leido
[2026-03-11T19:16:56.620778] ERROR: RecursoNoEncontradoException - El item con id E01 del personaje Aragorn no existe, se ha eliminado
[2026-03-11T19:17:05.867558800] INFO: Se ha leído el archivo practica7/Ficheros/items.json
[2026-03-11T19:17:10.917863600] INFO: Se ha creado el personaje Josemi
[2026-03-11T19:17:10.917863600] INFO: Se ha escrito el archivo practica7/Ficheros/personajes.json
[2026-03-11T19:17:16.854578] INFO: Ciudad model.Ciudad@13221655 leida correctamente
[2026-03-11T19:17:16.858578100] INFO: Ciudad model.Ciudad@1218025c leida correctamente
[2026-03-11T19:17:16.859577900] INFO: Todas las ciudades se han leido
[2026-03-11T19:17:16.883583400] INFO: Se ha leído el archivo practica7/Ficheros/items.json
[2026-03-11T19:17:16.900089400] INFO: Todos los items se han leido
[2026-03-11T19:17:16.901089900] INFO: Se ha leído el archivo practica7/Ficheros/personajes.json
[2026-03-11T19:17:16.902090] INFO: Todos los personajes se han leido
[2026-03-11T19:17:16.902090] ERROR: RecursoNoEncontradoException - El item con id E01 del personaje Aragorn no existe, se ha eliminado
[2026-03-11T19:17:22.684918100] INFO: Ciudad model.Ciudad@13221655 leida correctamente
[2026-03-11T19:17:22.689918200] INFO: Ciudad model.Ciudad@1218025c leida correctamente
[2026-03-11T19:17:22.689918200] INFO: Todas las ciudades se han leido
[2026-03-11T19:17:22.712918800] INFO: Se ha leído el archivo practica7/Ficheros/items.json
[2026-03-11T19:17:22.728922700] INFO: Todos los items se han leido
[2026-03-11T19:17:22.729922600] INFO: Se ha leído el archivo practica7/Ficheros/personajes.json
[2026-03-11T19:17:22.729922600] INFO: Todos los personajes se han leido
[2026-03-11T19:17:22.731499100] ERROR: RecursoNoEncontradoException - El item con id E01 del personaje Aragorn no existe, se ha eliminado
[2026-03-11T19:17:25.187889200] INFO: Se ha leído el archivo practica7/Ficheros/items.json
[2026-03-11T19:17:30.124883] INFO: Se ha creado el personaje a
[2026-03-11T19:17:30.124883] INFO: Se ha escrito el archivo practica7/Ficheros/personajes.json
[2026-03-12T09:38:24.671536200] INFO: Ciudad model.Ciudad@1b28cdfa leida correctamente
[2026-03-12T09:38:24.682276] INFO: Ciudad model.Ciudad@4eec7777 leida correctamente
[2026-03-12T09:38:24.683414900] INFO: Todas las ciudades se han leido
[2026-03-12T09:38:24.793756100] INFO: Se ha leído el archivo practica7/Ficheros/items.json
[2026-03-12T09:38:24.910638800] INFO: Todos los items se han leido
[2026-03-12T09:38:24.915824600] INFO: Se ha leído el archivo practica7/Ficheros/personajes.json
[2026-03-12T09:38:24.923433400] INFO: Todos los personajes se han leido
[2026-03-12T09:38:24.924534] ERROR: RecursoNoEncontradoException - El item con id E01 del personaje Aragorn no existe, se ha eliminado
[2026-03-12T09:38:34.486411800] INFO: Se ha leído el archivo practica7/Ficheros/items.json
[2026-03-12T09:38:38.549506100] INFO: Se ha creado el personaje Mario
[2026-03-12T09:38:52.892345700] INFO: Se ha escrito el archivo practica7/Ficheros/personajes.json
[2026-03-12T09:40:23.230659100] INFO: Ciudad Ciudad{nombre='Minas Tirith', poblacion=20000, clima='Soleado', nivelRiesgo=3} leida correctamente
[2026-03-12T09:40:23.251277300] INFO: Ciudad Ciudad{nombre='Isengard', poblacion=5000, clima='Nublado', nivelRiesgo=8} leida correctamente
[2026-03-12T09:40:23.252424] INFO: Todas las ciudades se han leido
[2026-03-12T09:40:23.396815] INFO: Se ha leído el archivo practica7/Ficheros/items.json
[2026-03-12T09:40:23.463928400] INFO: Todos los items se han leido
[2026-03-12T09:40:23.465082] INFO: Se ha leído el archivo practica7/Ficheros/personajes.json
[2026-03-12T09:40:23.469755300] INFO: Todos los personajes se han leido
[2026-03-12T09:40:23.470880] INFO: Item P01 del personaje Mario validado
[2026-03-12T09:42:41.964021900] INFO: Ciudad Ciudad{nombre='Minas Tirith', poblacion=20000, clima='Soleado', nivelRiesgo=3} leida correctamente
[2026-03-12T09:42:41.982493100] INFO: Ciudad Ciudad{nombre='Isengard', poblacion=5000, clima='Nublado', nivelRiesgo=8} leida correctamente
[2026-03-12T09:42:41.982493100] INFO: Todas las ciudades se han leido
[2026-03-12T09:42:42.072333400] INFO: Se ha leído el archivo practica7/Ficheros/items.json
[2026-03-12T09:42:42.149467] INFO: Todos los items se han leido
[2026-03-12T09:42:42.151219800] INFO: Se ha leído el archivo practica7/Ficheros/personajes.json
[2026-03-12T09:42:42.154571800] INFO: Todos los personajes se han leido
[2026-03-12T09:42:42.155214] ERROR: RecursoNoEncontradoException - El item con id E01 del personaje Aragorn no existe, se ha eliminado
[2026-03-12T09:43:16.871427800] INFO: Ciudad Ciudad{nombre='Minas Tirith', poblacion=20000, clima='Soleado', nivelRiesgo=3} leida correctamente
[2026-03-12T09:43:16.890087700] INFO: Ciudad Ciudad{nombre='Isengard', poblacion=5000, clima='Nublado', nivelRiesgo=8} leida correctamente
[2026-03-12T09:43:16.891236600] INFO: Todas las ciudades se han leido
[2026-03-12T09:43:17.001427] INFO: Se ha leído el archivo practica7/Ficheros/items.json
[2026-03-12T09:43:17.064888900] INFO: Todos los items se han leido
[2026-03-12T09:43:17.066005300] INFO: Se ha leído el archivo practica7/Ficheros/personajes.json
[2026-03-12T09:43:17.069865500] INFO: Todos los personajes se han leido
[2026-03-12T09:43:17.070973300] ERROR: RecursoNoEncontradoException - El item con id E01 del personaje Aragorn no existe, se ha eliminado
[2026-03-12T09:43:48.618309] INFO: Ciudad Ciudad{nombre='Minas Tirith', poblacion=20000, clima='Soleado', nivelRiesgo=3} leida correctamente
[2026-03-12T09:43:48.684742] INFO: Ciudad Ciudad{nombre='Isengard', poblacion=5000, clima='Nublado', nivelRiesgo=8} leida correctamente
[2026-03-12T09:43:48.684742] INFO: Todas las ciudades se han leido
[2026-03-12T09:43:48.822351] INFO: Se ha leído el archivo practica7/Ficheros/items.json
[2026-03-12T09:43:48.954463] INFO: Todos los items se han leido
[2026-03-12T09:43:48.956205400] INFO: Se ha leído el archivo practica7/Ficheros/personajes.json
[2026-03-12T09:43:48.961203500] INFO: Todos los personajes se han leido
[2026-03-12T09:43:48.962939400] ERROR: RecursoNoEncontradoException - El item con id E01 del personaje Aragorn no existe, se ha eliminado
[2026-03-12T09:44:23.180755500] INFO: Ciudad Ciudad{nombre='Minas Tirith', poblacion=20000, clima='Soleado', nivelRiesgo=3} leida correctamente
[2026-03-12T09:44:23.201331400] INFO: Ciudad Ciudad{nombre='Isengard', poblacion=5000, clima='Nublado', nivelRiesgo=8} leida correctamente
[2026-03-12T09:44:23.202469] INFO: Todas las ciudades se han leido
[2026-03-12T09:44:23.304607700] INFO: Se ha leído el archivo practica7/Ficheros/items.json
[2026-03-12T09:44:23.397526600] INFO: Todos los items se han leido
[2026-03-12T09:44:23.399788900] INFO: Se ha leído el archivo practica7/Ficheros/personajes.json
[2026-03-12T09:44:23.401595600] INFO: Todos los personajes se han leido
[2026-03-12T09:44:23.412140] INFO: Se ha escrito el archivo practica7/Ficheros/personajes.json
[2026-03-12T09:44:23.413274200] ERROR: RecursoNoEncontradoException - El item con id E01 del personaje Aragorn no existe, se ha eliminado
[2026-03-12T09:44:53.829078100] INFO: Se ha leído el archivo practica7/Ficheros/items.json
[2026-03-12T09:45:04.133217] INFO: Se ha creado el personaje Legolas
[2026-03-12T09:45:11.735227100] INFO: Se ha escrito el archivo practica7/Ficheros/personajes.json
[2026-03-13T09:12:53.436397500] INFO: Ciudad Minas Tirith leida correctamente
[2026-03-13T09:12:53.490921300] INFO: Ciudad Isengard leida correctamente
[2026-03-13T09:12:53.492022300] INFO: Todas las ciudades se han leido
[2026-03-13T09:13:15.812795100] INFO: Se ha leído el archivo practica7/Ficheros/items.json
[2026-03-13T09:13:15.933163] INFO: Todos los items se han leido
[2026-03-13T09:13:25.239102700] INFO: Se ha leído el archivo practica7/Ficheros/personajes.json
[2026-03-13T09:13:25.256486600] INFO: Todos los personajes se han leido
[2026-03-13T09:13:25.271315900] INFO: Se ha escrito el archivo practica7/Ficheros/personajes.json
[2026-03-13T09:13:25.273108600] ERROR: RecursoNoEncontradoException - El item con id E01 del personaje Aragorn no existe, se ha eliminado
[2026-03-13T09:13:25.276008200] INFO: Item P01 del personaje Mario validado
[2026-03-13T09:13:25.276008200] INFO: Item W01 del personaje Oscar validado
[2026-03-13T09:13:25.277156500] INFO: Item W01 del personaje Josemi validado
[2026-03-13T09:14:02.228254200] INFO: Ciudad Minas Tirith leida correctamente
[2026-03-13T09:14:02.280238800] INFO: Ciudad Isengard leida correctamente
[2026-03-13T09:14:02.280238800] INFO: Todas las ciudades se han leido
[2026-03-13T09:14:04.711438] INFO: Se ha leído el archivo practica7/Ficheros/items.json
[2026-03-13T09:14:04.819713600] INFO: Todos los items se han leido
[2026-03-13T09:14:22.669435800] INFO: Se ha leído el archivo practica7/Ficheros/personajes.json
[2026-03-13T09:14:22.676962400] INFO: Todos los personajes se han leido
[2026-03-13T09:14:22.678068200] INFO: Item P01 del personaje Mario validado
[2026-03-13T09:14:22.680914600] INFO: Item W01 del personaje Oscar validado
[2026-03-13T09:14:22.680914600] INFO: Item W01 del personaje Josemi validado
[2026-03-13T09:16:09.507198200] INFO: Ciudad Minas Tirith leida correctamente
[2026-03-13T09:16:09.571555800] INFO: Ciudad Isengard leida correctamente
[2026-03-13T09:16:09.572613] INFO: Todas las ciudades se han leido
[2026-03-13T09:16:09.704587400] INFO: Se ha leído el archivo practica7/Ficheros/items.json
[2026-03-13T09:16:09.781503500] INFO: Todos los items se han leido
[2026-03-13T09:16:09.784380500] INFO: Se ha leído el archivo practica7/Ficheros/personajes.json
[2026-03-13T09:16:09.790364300] INFO: Todos los personajes se han leido
[2026-03-13T09:16:09.791536900] INFO: Item P01 del personaje Mario validado
[2026-03-13T09:16:09.794489700] INFO: Item W01 del personaje Oscar validado
[2026-03-13T09:16:09.795150600] INFO: Item W01 del personaje Josemi validado
[2026-03-13T09:16:43.427814700] INFO: Ciudad Minas Tirith leida correctamente
[2026-03-13T09:16:43.439653100] INFO: Ciudad Isengard leida correctamente
[2026-03-13T09:16:43.440775800] INFO: Todas las ciudades se han leido
[2026-03-13T09:16:43.531481800] INFO: Se ha leído el archivo practica7/Ficheros/items.json
[2026-03-13T09:16:43.604655500] INFO: Todos los items se han leido
[2026-03-13T09:16:43.606430600] INFO: Se ha leído el archivo practica7/Ficheros/personajes.json
[2026-03-13T09:16:43.611510400] INFO: Todos los personajes se han leido
[2026-03-13T09:16:43.611510400] INFO: Item P01 del personaje Mario validado
[2026-03-13T09:16:43.614357600] INFO: Item W01 del personaje Oscar validado
[2026-03-13T09:16:43.614357600] INFO: Item W01 del personaje Josemi validado
[2026-03-13T09:16:54.826452300] INFO: Ciudad Minas Tirith leida correctamente
[2026-03-13T09:16:54.844999600] INFO: Ciudad Isengard leida correctamente
[2026-03-13T09:16:54.846277400] INFO: Todas las ciudades se han leido
[2026-03-13T09:16:54.945407700] INFO: Se ha leído el archivo practica7/Ficheros/items.json
[2026-03-13T09:16:55.016875400] INFO: Todos los items se han leido
[2026-03-13T09:16:55.018643700] INFO: Se ha leído el archivo practica7/Ficheros/personajes.json
[2026-03-13T09:16:55.022649300] INFO: Todos los personajes se han leido
[2026-03-13T09:16:55.023723400] INFO: Item P01 del personaje Mario validado
[2026-03-13T09:16:55.025449] INFO: Item W01 del personaje Oscar validado
[2026-03-13T09:16:55.026610100] INFO: Item W01 del personaje Josemi validado
[2026-03-13T09:17:16.596241100] INFO: Ciudad Minas Tirith leida correctamente
[2026-03-13T09:17:16.617002500] INFO: Ciudad Isengard leida correctamente
[2026-03-13T09:17:16.618668] INFO: Todas las ciudades se han leido
[2026-03-13T09:17:16.737892] INFO: Se ha leído el archivo practica7/Ficheros/items.json
[2026-03-13T09:17:16.813046500] INFO: Todos los items se han leido
[2026-03-13T09:17:16.816278300] INFO: Se ha leído el archivo practica7/Ficheros/personajes.json
[2026-03-13T09:17:16.825896300] INFO: Todos los personajes se han leido
[2026-03-13T09:17:16.826984] INFO: Item P01 del personaje Mario validado
[2026-03-13T09:17:16.831590900] INFO: Item W01 del personaje Oscar validado
[2026-03-13T09:17:16.831590900] INFO: Item W01 del personaje Josemi validado
[2026-03-13T09:18:59.979079500] INFO: Ciudad Minas Tirith leida correctamente
[2026-03-13T09:18:59.995824200] INFO: Ciudad Isengard leida correctamente
[2026-03-13T09:18:59.996485400] INFO: Todas las ciudades se han leido
[2026-03-13T09:19:00.081650200] INFO: Se ha leído el archivo practica7/Ficheros/items.json
[2026-03-13T09:19:00.180063] INFO: Todos los items se han leido
[2026-03-13T09:19:00.182315800] INFO: Se ha leído el archivo practica7/Ficheros/personajes.json
[2026-03-13T09:19:00.190002900] INFO: Todos los personajes se han leido
[2026-03-13T09:19:00.191167800] INFO: Item P01 del personaje Mario validado
[2026-03-13T09:19:00.193655700] INFO: Item W01 del personaje Oscar validado
[2026-03-13T09:19:00.194791500] INFO: Item W01 del personaje Josemi validado
[2026-03-13T09:19:38.538404] INFO: Ciudad Minas Tirith leida correctamente
[2026-03-13T09:19:38.548239100] INFO: Ciudad Isengard leida correctamente
[2026-03-13T09:19:38.548889300] INFO: Todas las ciudades se han leido
[2026-03-13T09:19:38.670999400] INFO: Se ha leído el archivo practica7/Ficheros/items.json
[2026-03-13T09:19:38.742574400] INFO: Todos los items se han leido
[2026-03-13T09:19:38.743181500] INFO: Se ha leído el archivo practica7/Ficheros/personajes.json
[2026-03-13T09:19:38.748229300] INFO: Todos los personajes se han leido
[2026-03-13T09:19:38.751171] INFO: Item P01 del personaje Mario validado
[2026-03-13T09:19:38.758822300] INFO: Item W01 del personaje Oscar validado
[2026-03-13T09:19:38.758822300] INFO: Item W01 del personaje Josemi validado
[2026-03-13T09:19:48.050781] INFO: Ciudad Minas Tirith leida correctamente
[2026-03-13T09:19:48.100944300] INFO: Ciudad Isengard leida correctamente
[2026-03-13T09:19:48.101615400] INFO: Todas las ciudades se han leido
[2026-03-13T09:19:48.231818700] INFO: Se ha leído el archivo practica7/Ficheros/items.json
[2026-03-13T09:19:48.331260800] INFO: Todos los items se han leido
[2026-03-13T09:20:14.257977100] INFO: Se ha leído el archivo practica7/Ficheros/personajes.json
[2026-03-13T09:20:20.235397300] INFO: Todos los personajes se han leido
[2026-03-13T09:20:20.236466700] INFO: Item P01 del personaje Mario validado
[2026-03-13T09:20:20.240145800] INFO: Item W01 del personaje Oscar validado
[2026-03-13T09:20:20.241197300] INFO: Item W01 del personaje Josemi validado
[2026-03-13T09:20:29.479423200] INFO: Ciudad Minas Tirith leida correctamente
[2026-03-13T09:20:29.521821400] INFO: Ciudad Isengard leida correctamente
[2026-03-13T09:20:29.522529900] INFO: Todas las ciudades se han leido
[2026-03-13T09:20:29.681477100] INFO: Se ha leído el archivo practica7/Ficheros/items.json
[2026-03-13T09:20:29.784308900] INFO: Todos los items se han leido
[2026-03-13T09:20:46.205304600] INFO: Se ha leído el archivo practica7/Ficheros/personajes.json
[2026-03-13T09:20:46.213231700] INFO: Todos los personajes se han leido
[2026-03-13T09:20:46.213813500] INFO: Item P01 del personaje Mario validado
[2026-03-13T09:20:46.215953200] INFO: Item W01 del personaje Oscar validado
[2026-03-13T09:20:46.215953200] INFO: Item W01 del personaje Josemi validado
[2026-03-13T09:21:26.640250] INFO: Ciudad Minas Tirith leida correctamente
[2026-03-13T09:21:26.680393500] INFO: Ciudad Isengard leida correctamente
[2026-03-13T09:21:26.681045] INFO: Todas las ciudades se han leido
[2026-03-13T09:21:26.805136] INFO: Se ha leído el archivo practica7/Ficheros/items.json
[2026-03-13T09:21:26.891882800] INFO: Todos los items se han leido
[2026-03-13T09:21:26.893069200] INFO: Se ha leído el archivo practica7/Ficheros/personajes.json
[2026-03-13T09:21:26.898854800] INFO: Todos los personajes se han leido
[2026-03-13T09:21:26.899916800] INFO: Item P01 del personaje Mario validado
[2026-03-13T09:21:26.902814300] INFO: Item W01 del personaje Oscar validado
[2026-03-13T09:21:26.903961300] INFO: Item W01 del personaje Josemi validado
[2026-03-13T09:24:05.162935500] INFO: Ciudad Minas Tirith leida correctamente
[2026-03-13T09:24:05.203272900] INFO: Ciudad Isengard leida correctamente
[2026-03-13T09:24:05.203950800] INFO: Todas las ciudades se han leido
[2026-03-13T09:24:05.341888700] INFO: Se ha leído el archivo practica7/Ficheros/items.json
[2026-03-13T09:24:05.429696400] INFO: Todos los items se han leido
[2026-03-13T09:24:05.431493300] INFO: Se ha leído el archivo practica7/Ficheros/personajes.json
[2026-03-13T09:24:05.434518] ERROR: JsonSyntaxException - com.google.gson.stream.MalformedJsonException: Unexpected value at line 1 column 22 path $[0].raza
See https://github.com/google/gson/blob/main/Troubleshooting.md#malformed-json
[2026-03-13T09:24:05.437336500] INFO: Todos los personajes se han leido
[2026-03-13T09:25:55.742422300] INFO: Ciudad Minas Tirith leida correctamente
[2026-03-13T09:25:55.790379800] INFO: Ciudad Isengard leida correctamente
[2026-03-13T09:25:55.792140900] INFO: Todas las ciudades se han leido
[2026-03-13T09:25:55.935699] INFO: Se ha leído el archivo practica7/Ficheros/items.json
[2026-03-13T09:25:56.025878500] INFO: Todos los items se han leido
[2026-03-13T09:27:34.421663700] INFO: Se ha leído el archivo practica7/Ficheros/personajes.json
[2026-03-13T09:27:34.432586300] INFO: Todos los personajes se han leido
[2026-03-13T09:27:34.433735800] INFO: Item P01 del personaje Mario validado
[2026-03-13T09:27:34.436449900] INFO: Item W01 del personaje Oscar validado
[2026-03-13T09:27:34.436449900] INFO: Item W01 del personaje Josemi validado
[2026-03-13T09:34:07.798745600] INFO: Ciudad Minas Tirith leida correctamente
[2026-03-13T09:34:07.820441800] INFO: Ciudad Isengard leida correctamente
[2026-03-13T09:34:07.820441800] INFO: Ciudad Volcan leida correctamente
[2026-03-13T09:34:07.821042400] INFO: Ciudad Desierto leida correctamente
[2026-03-13T09:34:07.822154500] INFO: Todas las ciudades se han leido
[2026-03-13T09:34:07.921872400] INFO: Se ha leído el archivo practica7/Ficheros/items.json
[2026-03-13T09:34:07.992072500] INFO: Todos los items se han leido
[2026-03-13T09:34:07.993165100] INFO: Se ha leído el archivo practica7/Ficheros/personajes.json
[2026-03-13T09:34:07.998131600] ERROR: JsonSyntaxException - com.google.gson.stream.MalformedJsonException: Unterminated object at line 1 column 48 path $[0].equipoIds
See https://github.com/google/gson/blob/main/Troubleshooting.md#malformed-json
[2026-03-13T09:34:07.999837100] INFO: Todos los personajes se han leido
[2026-03-13T09:34:33.130067600] INFO: Se ha leído el archivo practica7/Ficheros/items.json
[2026-03-13T09:34:37.610376500] INFO: Se ha creado el personaje Juan
[2026-03-13T09:35:11.156397900] INFO: Ciudad Minas Tirith leida correctamente
[2026-03-13T09:35:11.170267100] INFO: Ciudad Isengard leida correctamente
[2026-03-13T09:35:11.170267100] INFO: Ciudad Volcan leida correctamente
[2026-03-13T09:35:11.171442] INFO: Ciudad Desierto leida correctamente
[2026-03-13T09:35:11.172089200] INFO: Todas las ciudades se han leido
[2026-03-13T09:35:11.256412300] INFO: Se ha leído el archivo practica7/Ficheros/items.json
[2026-03-13T09:35:11.334061900] INFO: Todos los items se han leido
[2026-03-13T09:35:11.335139600] INFO: Se ha leído el archivo practica7/Ficheros/personajes.json
[2026-03-13T09:35:11.336285400] INFO: Todos los personajes se han leido
[2026-03-13T09:37:54.320391500] INFO: Ciudad Minas Tirith leida correctamente
[2026-03-13T09:37:54.332041200] INFO: Ciudad Isengard leida correctamente
[2026-03-13T09:37:54.332041200] INFO: Ciudad Volcan leida correctamente
[2026-03-13T09:37:54.332041200] INFO: Ciudad Desierto leida correctamente
[2026-03-13T09:37:54.333141300] INFO: Todas las ciudades se han leido
[2026-03-13T09:37:54.448114] INFO: Se ha leído el archivo practica7/Ficheros/items.json
[2026-03-13T09:37:54.516838] INFO: Todos los items se han leido
[2026-03-13T09:37:54.517521900] INFO: Se ha leído el archivo practica7/Ficheros/personajes.json
[2026-03-13T09:37:54.522314500] ERROR: JsonSyntaxException - com.google.gson.stream.MalformedJsonException: Expected ':' at line 1 column 58 path $[0].ciudad
See https://github.com/google/gson/blob/main/Troubleshooting.md#malformed-json
[2026-03-13T09:37:54.527433900] INFO: Todos los personajes se han leido
[2026-03-13T09:38:07.722780300] INFO: Se ha leído el archivo practica7/Ficheros/items.json
[2026-03-13T09:38:11.498773700] INFO: Se ha creado el personaje as
[2026-03-13T09:38:36.408247500] INFO: Ciudad Minas Tirith leida correctamente
[2026-03-13T09:38:36.423198700] INFO: Ciudad Isengard leida correctamente
[2026-03-13T09:38:36.423198700] INFO: Ciudad Volcan leida correctamente
[2026-03-13T09:38:36.423198700] INFO: Ciudad Desierto leida correctamente
[2026-03-13T09:38:36.424368500] INFO: Todas las ciudades se han leido
[2026-03-13T09:38:36.520754100] INFO: Se ha leído el archivo practica7/Ficheros/items.json
[2026-03-13T09:38:36.596904600] INFO: Todos los items se han leido
[2026-03-13T09:38:36.597965] INFO: Se ha leído el archivo practica7/Ficheros/personajes.json
[2026-03-13T09:38:36.602665300] ERROR: JsonSyntaxException - com.google.gson.stream.MalformedJsonException: Expected ':' at line 1 column 58 path $[0].ciudad
See https://github.com/google/gson/blob/main/Troubleshooting.md#malformed-json
[2026-03-13T09:38:36.605772300] INFO: Todos los personajes se han leido
[2026-03-13T09:38:42.378930800] INFO: Se ha leído el archivo practica7/Ficheros/items.json
[2026-03-13T09:38:45.339257200] INFO: Se ha creado el personaje a
[2026-03-13T10:03:06.665854500] INFO: Ciudad Minas Tirith leida correctamente
[2026-03-13T10:03:06.678248300] INFO: Ciudad Isengard leida correctamente
[2026-03-13T10:03:06.679312200] INFO: Ciudad Volcan leida correctamente
[2026-03-13T10:03:06.680385200] INFO: Ciudad Desierto leida correctamente
[2026-03-13T10:03:06.682538] INFO: Todas las ciudades se han leido
[2026-03-13T10:03:06.790851900] INFO: Se ha leído el archivo practica7/Ficheros/items.json
[2026-03-13T10:03:06.849271500] INFO: Todos los items se han leido
[2026-03-13T10:03:06.850417200] INFO: Se ha leído el archivo practica7/Ficheros/personajes.json
[2026-03-13T10:03:06.854392900] INFO: Todos los personajes se han leido
[2026-03-13T10:03:06.861149200] INFO: Se ha escrito el archivo practica7/Ficheros/personajes.json
[2026-03-13T10:03:06.862849100] ERROR: RecursoNoEncontradoException - El item con id E01 del personaje Aragorn no existe, se ha eliminado
[2026-03-13T10:03:29.393569] INFO: Se ha leído el archivo practica7/Ficheros/items.json
[2026-03-13T10:03:42.034710300] INFO: Se ha creado el personaje Mario
[2026-03-13T10:03:59.362473800] INFO: Se ha leído el archivo practica7/Ficheros/items.json
[2026-03-13T10:07:10.597921600] INFO: Ciudad Minas Tirith leida correctamente
[2026-03-13T10:07:10.611531200] INFO: Ciudad Isengard leida correctamente
[2026-03-13T10:07:10.612636500] INFO: Ciudad Volcan leida correctamente
[2026-03-13T10:07:10.613217300] INFO: Ciudad Desierto leida correctamente
[2026-03-13T10:07:10.613217300] INFO: Todas las ciudades se han leido
[2026-03-13T10:07:10.742582700] INFO: Se ha leído el archivo practica7/Ficheros/items.json
[2026-03-13T10:07:10.813570500] INFO: Todos los items se han leido
[2026-03-13T10:07:10.815825800] INFO: Se ha leído el archivo practica7/Ficheros/personajes.json
[2026-03-13T10:07:10.830237600] INFO: Todos los personajes se han leido
[2026-03-13T10:07:23.154426700] INFO: Se ha leído el archivo practica7/Ficheros/items.json
[2026-03-13T10:07:49.299316100] INFO: Se ha creado el personaje Mario
[2026-03-13T10:07:58.915195200] INFO: Se ha leído el archivo practica7/Ficheros/items.json
[2026-03-13T10:08:07.186947] INFO: Se ha creado el personaje Oscar
[2026-03-13T10:08:12.539239100] INFO: Se ha escrito el archivo practica7/Ficheros/personajes.json
[2026-03-13T10:09:05.356975600] INFO: Ciudad Minas Tirith leida correctamente
[2026-03-13T10:09:05.368706900] INFO: Ciudad Isengard leida correctamente
[2026-03-13T10:09:05.368706900] INFO: Ciudad Volcan leida correctamente
[2026-03-13T10:09:05.369807200] INFO: Ciudad Desierto leida correctamente
[2026-03-13T10:09:05.369807200] INFO: Todas las ciudades se han leido
[2026-03-13T10:09:05.469113100] INFO: Se ha leído el archivo practica7/Ficheros/items.json
[2026-03-13T10:09:05.541673100] INFO: Todos los items se han leido
[2026-03-13T10:09:05.542778700] INFO: Se ha leído el archivo practica7/Ficheros/personajes.json
[2026-03-13T10:09:05.546705] INFO: Todos los personajes se han leido
[2026-03-13T10:09:05.547305300] INFO: Item H01 del personaje Mario validado
[2026-03-13T10:09:05.549460900] INFO: Item W01 del personaje Mario validado
[2026-03-13T10:09:05.549460900] INFO: Item P01 del personaje Oscar validado
[2026-03-13T10:10:01.568363200] INFO: Ciudad Minas Tirith leida correctamente
[2026-03-13T10:10:01.578247400] INFO: Ciudad Isengard leida correctamente
[2026-03-13T10:10:01.579396800] INFO: Ciudad Volcan leida correctamente
[2026-03-13T10:10:01.580047900] INFO: Ciudad Desierto leida correctamente
[2026-03-13T10:10:01.580047900] INFO: Todas las ciudades se han leido
[2026-03-13T10:10:01.675664] INFO: Se ha leído el archivo practica7/Ficheros/items.json
[2026-03-13T10:10:01.754032500] INFO: Todos los items se han leido
[2026-03-13T10:10:01.755814200] INFO: Se ha leído el archivo practica7/Ficheros/personajes.json
[2026-03-13T10:10:01.760812800] INFO: Todos los personajes se han leido
[2026-03-13T10:10:01.761948100] INFO: Item H01 del personaje Mario validado
[2026-03-13T10:10:01.764860900] INFO: Item W01 del personaje Mario validado
[2026-03-13T10:10:01.765552100] INFO: Item P01 del personaje Oscar validado
[2026-03-13T10:11:24.833366300] INFO: Ciudad Minas Tirith leida correctamente
[2026-03-13T10:11:24.849912700] INFO: Ciudad Isengard leida correctamente
[2026-03-13T10:11:24.849912700] INFO: Ciudad Volcan leida correctamente
[2026-03-13T10:11:24.851694200] INFO: Ciudad Desierto leida correctamente
[2026-03-13T10:11:24.852793900] INFO: Todas las ciudades se han leido
[2026-03-13T10:11:24.972207700] INFO: Se ha leído el archivo practica7/Ficheros/items.json
[2026-03-13T10:11:25.040224800] INFO: Todos los items se han leido
[2026-03-13T10:11:25.041272900] INFO: Se ha leído el archivo practica7/Ficheros/personajes.json
[2026-03-13T10:11:25.047087500] INFO: Todos los personajes se han leido
[2026-03-13T10:11:25.048136900] INFO: Item H01 del personaje Mario validado
[2026-03-13T10:11:25.050762700] INFO: Item W01 del personaje Mario validado
[2026-03-13T10:11:25.051798100] INFO: Item P01 del personaje Oscar validado
[2026-03-13T10:11:34.477107300] INFO: Ciudad Minas Tirith leida correctamente
[2026-03-13T10:11:34.531719800] INFO: Ciudad Isengard leida correctamente
[2026-03-13T10:11:34.532854700] INFO: Ciudad Volcan leida correctamente
[2026-03-13T10:11:34.533505500] INFO: Ciudad Desierto leida correctamente
[2026-03-13T10:11:34.534659700] INFO: Todas las ciudades se han leido
[2026-03-13T10:11:34.670658700] INFO: Se ha leído el archivo practica7/Ficheros/items.json
[2026-03-13T10:11:34.785867900] INFO: Todos los items se han leido
[2026-03-13T10:11:34.787682900] INFO: Se ha leído el archivo practica7/Ficheros/personajes.json
[2026-03-13T10:11:34.795511500] INFO: Todos los personajes se han leido
[2026-03-13T10:11:34.796649900] INFO: Item H01 del personaje Mario validado
[2026-03-13T10:11:34.801362100] INFO: Item W01 del personaje Mario validado
[2026-03-13T10:11:34.801362100] INFO: Item P01 del personaje Oscar validado
[2026-03-13T10:13:49.784510] INFO: Ciudad Minas Tirith leida correctamente
[2026-03-13T10:13:49.797046300] INFO: Ciudad Isengard leida correctamente
[2026-03-13T10:13:49.798747400] INFO: Ciudad Volcan leida correctamente
[2026-03-13T10:13:49.799814] INFO: Ciudad Desierto leida correctamente
[2026-03-13T10:13:49.800891] INFO: Todas las ciudades se han leido
[2026-03-13T10:13:49.912086300] INFO: Se ha leído el archivo practica7/Ficheros/items.json
[2026-03-13T10:13:49.991440400] INFO: Todos los items se han leido
[2026-03-13T10:13:49.993175600] INFO: Se ha leído el archivo practica7/Ficheros/personajes.json
[2026-03-13T10:13:49.998219500] INFO: Todos los personajes se han leido
[2026-03-13T10:13:49.999310] INFO: Item H01 del personaje Mario validado
[2026-03-13T10:13:50.001002100] INFO: Item W01 del personaje Mario validado
[2026-03-13T10:13:50.002117] INFO: Item P01 del personaje Oscar validado
[2026-03-13T10:13:50.007717100] ERROR: DatoInvalidoException - El personaje Mario no puede tener un objeto Hielo - Item{id='H01', nombre='Hielo', tipo='OBJETO', valor=5} - en una ciudad con clima Volcanico
[2026-03-13T10:15:37.064073400] INFO: Ciudad Minas Tirith leida correctamente
[2026-03-13T10:15:37.083620700] INFO: Ciudad Isengard leida correctamente
[2026-03-13T10:15:37.083620700] INFO: Ciudad Volcan leida correctamente
[2026-03-13T10:15:37.084762300] INFO: Ciudad Desierto leida correctamente
[2026-03-13T10:15:37.085377500] INFO: Todas las ciudades se han leido
[2026-03-13T10:15:37.193906800] INFO: Se ha leído el archivo practica7/Ficheros/items.json
[2026-03-13T10:15:37.279824700] INFO: Todos los items se han leido
[2026-03-13T10:15:37.280920300] INFO: Se ha leído el archivo practica7/Ficheros/personajes.json
[2026-03-13T10:15:37.284868500] INFO: Todos los personajes se han leido
[2026-03-13T10:15:37.286016] INFO: Item H01 del personaje Mario validado
[2026-03-13T10:15:37.288869700] INFO: Item W01 del personaje Mario validado
[2026-03-13T10:15:37.288869700] INFO: Item P01 del personaje Oscar validado
[2026-03-13T10:15:37.289499200] ERROR: DatoInvalidoException - El personaje Mario no puede tener un objeto Hielo - H01 - en una ciudad con clima Volcanico
[2026-03-13T10:16:27.520438700] INFO: Ciudad Minas Tirith leida correctamente
[2026-03-13T10:16:27.537860400] INFO: Ciudad Isengard leida correctamente
[2026-03-13T10:16:27.537860400] INFO: Ciudad Volcan leida correctamente
[2026-03-13T10:16:27.538941900] INFO: Ciudad Desierto leida correctamente
[2026-03-13T10:16:27.540683200] INFO: Todas las ciudades se han leido
[2026-03-13T10:16:27.639583600] INFO: Se ha leído el archivo practica7/Ficheros/items.json
[2026-03-13T10:16:27.697155300] INFO: Todos los items se han leido
[2026-03-13T10:16:27.699259800] INFO: Se ha leído el archivo practica7/Ficheros/personajes.json
[2026-03-13T10:16:27.703039100] INFO: Todos los personajes se han leido
[2026-03-13T10:16:27.703039100] INFO: Item H01 del personaje Mario validado
[2026-03-13T10:16:27.705717400] INFO: Item W01 del personaje Mario validado
[2026-03-13T10:16:27.705717400] INFO: Item P01 del personaje Oscar validado
[2026-03-13T10:16:27.706784500] ERROR: DatoInvalidoException - El personaje Mario no puede tener un objeto Hielo - H01 - en una ciudad con clima Volcanico
[2026-03-13T10:16:44.879906600] INFO: Ciudad Minas Tirith leida correctamente
[2026-03-13T10:16:44.947137300] INFO: Ciudad Isengard leida correctamente
[2026-03-13T10:16:44.948235100] INFO: Ciudad Volcan leida correctamente
[2026-03-13T10:16:44.948235100] INFO: Ciudad Desierto leida correctamente
[2026-03-13T10:16:44.949326600] INFO: Todas las ciudades se han leido
[2026-03-13T10:16:45.081915200] INFO: Se ha leído el archivo practica7/Ficheros/items.json
[2026-03-13T10:16:45.195128400] INFO: Todos los items se han leido
[2026-03-13T10:16:45.197374100] INFO: Se ha leído el archivo practica7/Ficheros/personajes.json
[2026-03-13T10:16:45.203169] INFO: Todos los personajes se han leido
[2026-03-13T10:16:45.204913700] INFO: Item H01 del personaje Mario validado
[2026-03-13T10:16:45.209846700] INFO: Item W01 del personaje Mario validado
[2026-03-13T10:16:45.210935400] INFO: Item P01 del personaje Oscar validado
[2026-03-13T10:17:49.723365500] ERROR: DatoInvalidoException - El personaje Mario no puede tener un objeto Hielo - H01 - en una ciudad con clima Volcanico
[2026-03-13T10:19:03.032806] INFO: Ciudad Minas Tirith leida correctamente
[2026-03-13T10:19:03.077676300] INFO: Ciudad Isengard leida correctamente
[2026-03-13T10:19:03.077676300] INFO: Ciudad Volcan leida correctamente
[2026-03-13T10:19:03.078727400] INFO: Ciudad Desierto leida correctamente
[2026-03-13T10:19:03.078727400] INFO: Todas las ciudades se han leido
[2026-03-13T10:19:03.209485] INFO: Se ha leído el archivo practica7/Ficheros/items.json
[2026-03-13T10:19:03.298292600] INFO: Todos los items se han leido
[2026-03-13T10:19:03.300531300] INFO: Se ha leído el archivo practica7/Ficheros/personajes.json
[2026-03-13T10:19:03.307230700] INFO: Todos los personajes se han leido
[2026-03-13T10:19:03.307230700] INFO: Item H01 del personaje Mario validado
[2026-03-13T10:19:03.310179500] INFO: Item W01 del personaje Mario validado
[2026-03-13T10:19:03.311321300] INFO: Item P01 del personaje Oscar validado
[2026-03-13T10:20:08.680732] ERROR: DatoInvalidoException - El personaje Mario no puede tener un objeto Hielo - H01 - en una ciudad con clima Volcanico
[2026-03-13T10:20:34.730971300] INFO: Ciudad Minas Tirith leida correctamente
[2026-03-13T10:20:34.787765] INFO: Ciudad Isengard leida correctamente
[2026-03-13T10:20:34.788892600] INFO: Ciudad Volcan leida correctamente
[2026-03-13T10:20:34.788892600] INFO: Ciudad Desierto leida correctamente
[2026-03-13T10:20:34.789556400] INFO: Todas las ciudades se han leido
[2026-03-13T10:20:34.929108900] INFO: Se ha leído el archivo practica7/Ficheros/items.json
[2026-03-13T10:20:35.040772300] INFO: Todos los items se han leido
[2026-03-13T10:20:35.054343] INFO: Se ha leído el archivo practica7/Ficheros/personajes.json
[2026-03-13T10:20:35.076504300] INFO: Todos los personajes se han leido
[2026-03-13T10:20:35.077640100] INFO: Item H01 del personaje Mario validado
[2026-03-13T10:20:35.091550600] INFO: Item W01 del personaje Mario validado
[2026-03-13T10:20:35.092696100] INFO: Item P01 del personaje Oscar validado
[2026-03-13T10:20:50.087268200] ERROR: DatoInvalidoException - El personaje Mario no puede tener un objeto Hielo - H01 - en una ciudad con clima Volcanico
[2026-03-13T10:20:58.430846] INFO: Ciudad Minas Tirith leida correctamente
[2026-03-13T10:20:58.493977700] INFO: Ciudad Isengard leida correctamente
[2026-03-13T10:20:58.493977700] INFO: Ciudad Volcan leida correctamente
[2026-03-13T10:20:58.495067400] INFO: Ciudad Desierto leida correctamente
[2026-03-13T10:20:58.495067400] INFO: Todas las ciudades se han leido
[2026-03-13T10:20:58.623948900] INFO: Se ha leído el archivo practica7/Ficheros/items.json
[2026-03-13T10:20:58.733268700] INFO: Todos los items se han leido
[2026-03-13T10:20:58.734338300] INFO: Se ha leído el archivo practica7/Ficheros/personajes.json
[2026-03-13T10:20:58.741118100] INFO: Todos los personajes se han leido
[2026-03-13T10:20:58.741118100] INFO: Item H01 del personaje Mario validado
[2026-03-13T10:20:58.745066300] INFO: Item W01 del personaje Mario validado
[2026-03-13T10:20:58.745066300] INFO: Item P01 del personaje Oscar validado
[2026-03-13T10:21:05.258488300] ERROR: DatoInvalidoException - El personaje Mario no puede tener un objeto Hielo - H01 - en una ciudad con clima Volcanico
[2026-03-13T10:21:15.917145700] INFO: Ciudad Minas Tirith leida correctamente
[2026-03-13T10:21:15.963999400] INFO: Ciudad Isengard leida correctamente
[2026-03-13T10:21:15.965150500] INFO: Ciudad Volcan leida correctamente
[2026-03-13T10:21:15.965798700] INFO: Ciudad Desierto leida correctamente
[2026-03-13T10:21:15.965798700] INFO: Todas las ciudades se han leido
[2026-03-13T10:21:16.100765300] INFO: Se ha leído el archivo practica7/Ficheros/items.json
[2026-03-13T10:21:16.211956800] INFO: Todos los items se han leido
[2026-03-13T10:21:16.214029400] INFO: Se ha leído el archivo practica7/Ficheros/personajes.json
[2026-03-13T10:21:16.219869300] INFO: Todos los personajes se han leido
[2026-03-13T10:21:16.220927] INFO: Item H01 del personaje Mario validado
[2026-03-13T10:21:16.223548400] INFO: Item W01 del personaje Mario validado
[2026-03-13T10:21:16.224620500] INFO: Item P01 del personaje Oscar validado
[2026-03-13T10:21:24.981718200] ERROR: DatoInvalidoException - El personaje Mario no puede tener un objeto Hielo - H01 - en una ciudad con clima Volcanico
[2026-03-13T10:27:24.659038800] INFO: Ciudad Minas Tirith leida correctamente
[2026-03-13T10:27:24.679420900] INFO: Ciudad Isengard leida correctamente
[2026-03-13T10:27:24.680485300] INFO: Ciudad Volcan leida correctamente
[2026-03-13T10:27:24.680485300] INFO: Ciudad Desierto leida correctamente
[2026-03-13T10:27:24.681564800] INFO: Todas las ciudades se han leido
[2026-03-13T10:27:24.777280700] INFO: Se ha leído el archivo practica7/Ficheros/items.json
[2026-03-13T10:27:24.838967200] INFO: Todos los items se han leido
[2026-03-13T10:27:24.839689200] INFO: Se ha leído el archivo practica7/Ficheros/personajes.json
[2026-03-13T10:27:24.842549300] INFO: Todos los personajes se han leido
[2026-03-13T10:27:24.843678500] INFO: Item H01 del personaje Mario validado
[2026-03-13T10:27:24.846598] INFO: Item W01 del personaje Mario validado
[2026-03-13T10:27:24.847741400] INFO: Item P01 del personaje Oscar validado
[2026-03-13T10:27:24.848462400] ERROR: DatoInvalidoException - El personaje Mario no puede tener un objeto Hielo - H01 - en una ciudad con clima Volcanico
[2026-03-13T10:27:24.848462400] ERROR: DatoInvalidoException - El personaje Oscar al ser humano no puede estar en una ciudad con clima Desertico
[2026-03-13T10:28:00.874308700] INFO: Ciudad Minas Tirith leida correctamente
[2026-03-13T10:28:00.887212400] INFO: Ciudad Isengard leida correctamente
[2026-03-13T10:28:00.887212400] INFO: Ciudad Volcan leida correctamente
[2026-03-13T10:28:00.887212400] INFO: Ciudad Desierto leida correctamente
[2026-03-13T10:28:00.888308800] INFO: Todas las ciudades se han leido
[2026-03-13T10:28:00.981153300] INFO: Se ha leído el archivo practica7/Ficheros/items.json
[2026-03-13T10:28:01.049206400] INFO: Todos los items se han leido
[2026-03-13T10:28:01.050231300] INFO: Se ha leído el archivo practica7/Ficheros/personajes.json
[2026-03-13T10:28:01.057083100] INFO: Todos los personajes se han leido
[2026-03-13T10:28:01.058116900] INFO: Item H01 del personaje Mario validado
[2026-03-13T10:28:01.060220500] INFO: Item W01 del personaje Mario validado
[2026-03-13T10:28:01.060774500] INFO: Item P01 del personaje Oscar validado
[2026-03-13T10:28:01.061805700] ERROR: DatoInvalidoException - El personaje Mario no puede tener un objeto Hielo - H01 - en una ciudad con clima Volcanico
[2026-03-13T10:28:01.061805700] ERROR: DatoInvalidoException - El personaje Oscar al ser humano no puede estar en una ciudad con clima Desertico
[2026-03-13T10:28:53.657510800] INFO: Ciudad Minas Tirith leida correctamente
[2026-03-13T10:28:53.675407100] INFO: Ciudad Isengard leida correctamente
[2026-03-13T10:28:53.676144100] INFO: Ciudad Volcan leida correctamente
[2026-03-13T10:28:53.676144100] INFO: Ciudad Desierto leida correctamente
[2026-03-13T10:28:53.676144100] INFO: Todas las ciudades se han leido
[2026-03-13T10:28:53.770034600] INFO: Se ha leído el archivo practica7/Ficheros/items.json
[2026-03-13T10:28:53.839109] INFO: Todos los items se han leido
[2026-03-13T10:28:53.841191400] INFO: Se ha leído el archivo practica7/Ficheros/personajes.json
[2026-03-13T10:28:53.846014300] INFO: Todos los personajes se han leido
[2026-03-13T10:28:53.846014300] INFO: Item H01 del personaje Josemi validado
[2026-03-13T10:28:53.848878600] INFO: Item W01 del personaje Josemi validado
[2026-03-13T10:28:53.856058300] INFO: Se ha escrito el archivo practica7/Ficheros/personajes.json
[2026-03-13T10:28:53.856686600] ERROR: RecursoNoEncontradoException - El item con id  del personaje Aragorn no existe, se ha eliminado
[2026-03-13T10:28:53.856686600] INFO: Item H01 del personaje Mario validado
[2026-03-13T10:28:53.857759500] INFO: Item W01 del personaje Mario validado
[2026-03-13T10:28:53.857759500] INFO: Item P01 del personaje Oscar validado
[2026-03-13T10:28:53.857759500] ERROR: DatoInvalidoException - El personaje Josemi no puede tener un objeto Hielo - H01 - en una ciudad con clima Volcanico
[2026-03-13T10:28:53.859528500] ERROR: DatoInvalidoException - El personaje Aragorn al ser humano no puede estar en una ciudad con clima Desertico
[2026-03-13T10:28:53.859528500] ERROR: DatoInvalidoException - El personaje Mario no puede tener un objeto Hielo - H01 - en una ciudad con clima Volcanico
[2026-03-13T10:28:53.860642500] ERROR: DatoInvalidoException - El personaje Oscar al ser humano no puede estar en una ciudad con clima Desertico
[2026-03-13T10:29:38.388399700] INFO: Ciudad Minas Tirith leida correctamente
[2026-03-13T10:29:38.404923900] INFO: Ciudad Isengard leida correctamente
[2026-03-13T10:29:38.407140500] INFO: Ciudad Volcan leida correctamente
[2026-03-13T10:29:38.407772800] INFO: Ciudad Desierto leida correctamente
[2026-03-13T10:29:38.411029800] INFO: Todas las ciudades se han leido
[2026-03-13T10:29:38.510259] INFO: Se ha leído el archivo practica7/Ficheros/items.json
[2026-03-13T10:29:38.595384700] INFO: Todos los items se han leido
[2026-03-13T10:29:38.598405100] INFO: Se ha leído el archivo practica7/Ficheros/personajes.json
[2026-03-13T10:29:38.603108300] INFO: Todos los personajes se han leido
[2026-03-13T10:29:38.603108300] INFO: Item W01 del personaje Josemi validado
[2026-03-13T10:29:38.605959800] INFO: Item H01 del personaje Mario validado
[2026-03-13T10:29:38.605959800] INFO: Item W01 del personaje Mario validado
[2026-03-13T10:29:38.607090400] INFO: Item P01 del personaje Oscar validado
[2026-03-13T10:29:38.607090400] ERROR: DatoInvalidoException - El personaje Aragorn al ser humano no puede estar en una ciudad con clima Desertico
[2026-03-13T10:29:38.608179900] ERROR: DatoInvalidoException - El personaje Mario no puede tener un objeto Hielo - H01 - en una ciudad con clima Volcanico
[2026-03-13T10:29:38.609229200] ERROR: DatoInvalidoException - El personaje Oscar al ser humano no puede estar en una ciudad con clima Desertico
[2026-03-13T10:30:45.230014] INFO: Ciudad Minas Tirith leida correctamente
[2026-03-13T10:30:45.241903200] INFO: Ciudad Isengard leida correctamente
[2026-03-13T10:30:45.242955100] INFO: Ciudad Volcan leida correctamente
[2026-03-13T10:30:45.242955100] INFO: Ciudad Desierto leida correctamente
[2026-03-13T10:30:45.244019300] INFO: Todas las ciudades se han leido
[2026-03-13T10:30:45.356280700] INFO: Se ha leído el archivo practica7/Ficheros/items.json
[2026-03-13T10:30:45.418917100] INFO: Todos los items se han leido
[2026-03-13T10:30:45.420654400] INFO: Se ha leído el archivo practica7/Ficheros/personajes.json
[2026-03-13T10:30:45.424606100] INFO: Todos los personajes se han leido
[2026-03-13T10:30:45.425799] INFO: Item W01 del personaje Josemi validado
[2026-03-13T10:30:45.427556900] INFO: Item H01 del personaje Mario validado
[2026-03-13T10:30:45.428681] INFO: Item W01 del personaje Mario validado
[2026-03-13T10:30:45.428681] INFO: Item P01 del personaje Oscar validado
[2026-03-13T10:30:45.429338600] ERROR: DatoInvalidoException - El personaje Aragorn al ser humano no puede estar en una ciudad con clima Desertico
[2026-03-13T10:30:45.430470] ERROR: DatoInvalidoException - El personaje Mario no puede tener un objeto Hielo - H01 - en una ciudad con clima Volcanico
[2026-03-13T10:30:45.430470] ERROR: DatoInvalidoException - El personaje Oscar al ser humano no puede estar en una ciudad con clima Desertico
[2026-03-13T10:34:29.397630100] INFO: Ciudad Minas Tirith leida correctamente
[2026-03-13T10:34:29.410195600] INFO: Ciudad Isengard leida correctamente
[2026-03-13T10:34:29.410195600] INFO: Ciudad Volcan leida correctamente
[2026-03-13T10:34:29.411265500] INFO: Ciudad Desierto leida correctamente
[2026-03-13T10:34:29.411265500] INFO: Todas las ciudades se han leido
[2026-03-13T10:34:29.504050700] INFO: Se ha leído el archivo practica7/Ficheros/items.json
[2026-03-13T10:34:29.565667100] INFO: Todos los items se han leido
[2026-03-13T10:34:29.567443400] INFO: Se ha leído el archivo practica7/Ficheros/personajes.json
[2026-03-13T10:34:29.572126] INFO: Todos los personajes se han leido
[2026-03-13T10:34:29.572126] INFO: Item W01 del personaje Josemi validado
[2026-03-13T10:34:29.575522200] INFO: Item H01 del personaje Mario validado
[2026-03-13T10:34:29.576154500] INFO: Item W01 del personaje Mario validado
[2026-03-13T10:34:29.576154500] INFO: Item P01 del personaje Oscar validado
[2026-03-13T10:34:29.577231400] ERROR: DatoInvalidoException - El personaje Aragorn al ser humano no puede estar en una ciudad con clima Desertico
[2026-03-13T10:34:29.578342900] ERROR: DatoInvalidoException - El personaje Mario no puede tener un objeto Hielo - H01 - en una ciudad con clima Volcanico
[2026-03-13T10:34:29.579450200] ERROR: DatoInvalidoException - El personaje Oscar al ser humano no puede estar en una ciudad con clima Desertico
